Exception at PC 0x00007FF8DA559D98
Exception at PC 0x00007FF8DA559D98
Exception at PC 0x00007FF8DA559D98
Exception at PC 0x00007FF8DA559D98
Exception at PC 0x00007FF87B87E132
Attemped to write at address 0x00007FF8B91E4AA4
Printing stacktrace...

[0]  [0x00007FF87B87E132]
[1]  [0x00007FF87B87E132]
[2]  [0x00007FF87B87E194]
[3]  [0x00007FF87B4CD0D7]
[4]  [0x00007FF87B3B2BCA]
[5]  [0x00007FF87B3B2FD1]
[6]  [0x00007FF87B87EB2F]
[7]  [0x00007FF87B73C19D]
[8]  [0x00007FF87B735942]
[9]  [0x00007FF87B735AB5]
[10] (RtlDeactivateActivationContextUnsafeFast+0x1af) [0x00007FF8DDFB485F]
[11] (LdrShutdownProcess+0x12c) [0x00007FF8DDFDD43C]
[12] (RtlExitUserProcess+0xb4) [0x00007FF8DDFDD2F4]
[13] (FatalExit+0xa) [0x00007FF8DB4FC0DA]
[14] (exit+0x75) [0x00007FF8DC17A045]
[15] (initterm_e+0x21d) [0x00007FF8DC17A68D]
[16]  [0x00000000004014CD]
[17]  [0x000000000040151B]
[18] (BaseThreadInitThunk+0x14) [0x00007FF8DB4F2774]
[19] (RtlUserThreadStart+0x21) [0x00007FF8DE000D51]
Done
