Exception at PC 0x00007FFD4B1A9D98
Exception at PC 0x00007FFD4B1A9D98
Exception at PC 0x00007FFD4B1A9D98
Exception at PC 0x00007FFD4B1A9D98
Exception at PC 0x00007FFD12AEE132
Attemped to write at address 0x00007FFD2AB64AA4
Printing stacktrace...

[0]  [0x00007FFD12AEE132]
[1]  [0x00007FFD12AEE132]
[2]  [0x00007FFD12AEE194]
[3]  [0x00007FFD1273D0D7]
[4]  [0x00007FFD12622BCA]
[5]  [0x00007FFD12622FD1]
[6]  [0x00007FFD12AEEB2F]
[7]  [0x00007FFD129AC19D]
[8]  [0x00007FFD129A5942]
[9]  [0x00007FFD129A5AB5]
[10] (RtlDeactivateActivationContextUnsafeFast+0x1af) [0x00007FFD4E0F485F]
[11] (LdrShutdownProcess+0x12c) [0x00007FFD4E11D43C]
[12] (RtlExitUserProcess+0xb4) [0x00007FFD4E11D2F4]
[13] (FatalExit+0xa) [0x00007FFD4BB7C0DA]
[14] (exit+0x75) [0x00007FFD4C20A045]
[15] (initterm_e+0x21d) [0x00007FFD4C20A68D]
[16]  [0x00000000004014CD]
[17]  [0x000000000040151B]
[18] (BaseThreadInitThunk+0x14) [0x00007FFD4BB72774]
[19] (RtlUserThreadStart+0x21) [0x00007FFD4E140D51]
Done
