Exception at PC 0x00007FF84C869D98
Exception at PC 0x00007FF84C869D98
Exception at PC 0x00007FF84C869D98
Exception at PC 0x00007FF84C869D98
Exception at PC 0x00007FFFE5DAE132
Attemped to write at address 0x00007FF82BEA4AA4
Printing stacktrace...

[0]  [0x00007FFFE5DAE132]
[1]  [0x00007FFFE5DAE132]
[2]  [0x00007FFFE5DAE194]
[3]  [0x00007FFFE59FD0D7]
[4]  [0x00007FFFE58E2BCA]
[5]  [0x00007FFFE58E2FD1]
[6]  [0x00007FFFE5DAEB2F]
[7]  [0x00007FFFE5C6C19D]
[8]  [0x00007FFFE5C65942]
[9]  [0x00007FFFE5C65AB5]
[10] (RtlDeactivateActivationContextUnsafeFast+0x1af) [0x00007FF84F5F485F]
[11] (LdrShutdownProcess+0x12c) [0x00007FF84F61D43C]
[12] (RtlExitUserProcess+0xb4) [0x00007FF84F61D2F4]
[13] (FatalExit+0xa) [0x00007FF84E13C0DA]
[14] (exit+0x75) [0x00007FF84E91A045]
[15] (initterm_e+0x21d) [0x00007FF84E91A68D]
[16]  [0x00000000004014CD]
[17]  [0x000000000040151B]
[18] (BaseThreadInitThunk+0x14) [0x00007FF84E132774]
[19] (RtlUserThreadStart+0x21) [0x00007FF84F640D51]
Done
