Exception at PC 0x00007FFB08419D98
Exception at PC 0x00007FFB08419D98
Exception at PC 0x00007FFB08419D98
Exception at PC 0x00007FFB08419D98
Exception at PC 0x00007FFA97A8E132
Attemped to write at address 0x00007FFAEB4E4AA4
Printing stacktrace...

[0]  [0x00007FFA97A8E132]
[1]  [0x00007FFA97A8E132]
[2]  [0x00007FFA97A8E194]
[3]  [0x00007FFA976DD0D7]
[4]  [0x00007FFA975C2BCA]
[5]  [0x00007FFA975C2FD1]
[6]  [0x00007FFA97A8EB2F]
[7]  [0x00007FFA9794C19D]
[8]  [0x00007FFA97945942]
[9]  [0x00007FFA97945AB5]
[10] (RtlDeactivateActivationContextUnsafeFast+0x1af) [0x00007FFB0B54485F]
[11] (LdrShutdownProcess+0x12c) [0x00007FFB0B56D43C]
[12] (RtlExitUserProcess+0xb4) [0x00007FFB0B56D2F4]
[13] (FatalExit+0xa) [0x00007FFB0A7CC0DA]
[14] (exit+0x75) [0x00007FFB0AE4A045]
[15] (initterm_e+0x21d) [0x00007FFB0AE4A68D]
[16]  [0x00000000004014CD]
[17]  [0x000000000040151B]
[18] (BaseThreadInitThunk+0x14) [0x00007FFB0A7C2774]
[19] (RtlUserThreadStart+0x21) [0x00007FFB0B590D51]
Done
