Exception at PC 0x00007FFAFB049D98
Exception at PC 0x00007FFAFB049D98
Exception at PC 0x00007FFAFB049D98
Exception at PC 0x00007FFAFB049D98
Exception at PC 0x00007FFA8E5BE132
Attemped to write at address 0x00007FFAC67D4AA4
Printing stacktrace...

[0]  [0x00007FFA8E5BE132]
[1]  [0x00007FFA8E5BE132]
[2]  [0x00007FFA8E5BE194]
[3]  [0x00007FFA8E20D0D7]
[4]  [0x00007FFA8E0F2BCA]
[5]  [0x00007FFA8E0F2FD1]
[6]  [0x00007FFA8E5BEB2F]
[7]  [0x00007FFA8E47C19D]
[8]  [0x00007FFA8E475942]
[9]  [0x00007FFA8E475AB5]
[10] (RtlDeactivateActivationContextUnsafeFast+0x1af) [0x00007FFAFE27485F]
[11] (LdrShutdownProcess+0x12c) [0x00007FFAFE29D43C]
[12] (RtlExitUserProcess+0xb4) [0x00007FFAFE29D2F4]
[13] (FatalExit+0xa) [0x00007FFAFE1BC0DA]
[14] (exit+0x75) [0x00007FFAFC5DA045]
[15] (initterm_e+0x21d) [0x00007FFAFC5DA68D]
[16]  [0x00000000004014CD]
[17]  [0x000000000040151B]
[18] (BaseThreadInitThunk+0x14) [0x00007FFAFE1B2774]
[19] (RtlUserThreadStart+0x21) [0x00007FFAFE2C0D51]
Done
