Exception at PC 0x00007FFB03C09D98
Exception at PC 0x00007FFB03C09D98
Exception at PC 0x00007FFB03C09D98
Exception at PC 0x00007FFB03C09D98
Exception at PC 0x00007FFA9C05E132
Attemped to write at address 0x00007FFADA874AA4
Printing stacktrace...

[0]  [0x00007FFA9C05E132]
[1]  [0x00007FFA9C05E132]
[2]  [0x00007FFA9C05E194]
[3]  [0x00007FFA9BCAD0D7]
[4]  [0x00007FFA9BB92BCA]
[5]  [0x00007FFA9BB92FD1]
[6]  [0x00007FFA9C05EB2F]
[7]  [0x00007FFA9BF1C19D]
[8]  [0x00007FFA9BF15942]
[9]  [0x00007FFA9BF15AB5]
[10] (RtlDeactivateActivationContextUnsafeFast+0x1af) [0x00007FFB0752485F]
[11] (LdrShutdownProcess+0x12c) [0x00007FFB0754D43C]
[12] (RtlExitUserProcess+0xb4) [0x00007FFB0754D2F4]
[13] (FatalExit+0xa) [0x00007FFB04D2C0DA]
[14] (exit+0x75) [0x00007FFB04F5A045]
[15] (initterm_e+0x21d) [0x00007FFB04F5A68D]
[16]  [0x00000000004014CD]
[17]  [0x000000000040151B]
[18] (BaseThreadInitThunk+0x14) [0x00007FFB04D22774]
[19] (RtlUserThreadStart+0x21) [0x00007FFB07570D51]
Done
