Vivado Simulator 2017.4
Copyright 1986-1999, 2001-2016 Xilinx, Inc. All Rights Reserved.
Running: C:/Xilinx/Vivado/2017.4/bin/unwrapped/win64.o/xelab.exe -wto 76db21506b28405ebb8242dda7692d00 --incr --debug typical --relax --mt 2 -L xil_defaultlib -L secureip --snapshot control_tb_behav xil_defaultlib.control_tb -log elaborate.log 
Using 2 slave threads.
Starting static elaboration
Completed static elaboration
Starting simulation data flow analysis
Completed simulation data flow analysis
Time Resolution for simulation is 1ps
Compiling package std.standard
Compiling package std.textio
Compiling package ieee.std_logic_1164
Compiling package ieee.std_logic_arith
Compiling package ieee.std_logic_unsigned
Compiling architecture behavioral of entity xil_defaultlib.reg [reg_default]
Compiling architecture behavioral of entity xil_defaultlib.decoder_3to8 [decoder_3to8_default]
Compiling architecture behavioral of entity xil_defaultlib.mux8_16bit [mux8_16bit_default]
Compiling architecture behavioral of entity xil_defaultlib.mux2_16bit [mux2_16bit_default]
Compiling architecture behavioral of entity xil_defaultlib.reg_file [reg_file_default]
Compiling architecture behavioral of entity xil_defaultlib.arithmetic_circuit_mux [arithmetic_circuit_mux_default]
Compiling architecture behavioral of entity xil_defaultlib.full_adder [full_adder_default]
Compiling architecture behavioral of entity xil_defaultlib.ripple_carry_adder_16 [ripple_carry_adder_16_default]
Compiling architecture behavioral of entity xil_defaultlib.arithmetic_circuit_16bit [arithmetic_circuit_16bit_default]
Compiling architecture behavioral of entity xil_defaultlib.mux4_16bit [mux4_16bit_default]
Compiling architecture behavioral of entity xil_defaultlib.logic_unit_16bit [logic_unit_16bit_default]
Compiling architecture behavioral of entity xil_defaultlib.arithmetic_logic_unit [arithmetic_logic_unit_default]
Compiling architecture behavioral of entity xil_defaultlib.mux3_1bit [mux3_1bit_default]
Compiling architecture behavioral of entity xil_defaultlib.shifter_unit [shifter_unit_default]
Compiling architecture behavioral of entity xil_defaultlib.flags [flags_default]
Compiling architecture behavioral of entity xil_defaultlib.function_unit [function_unit_default]
Compiling architecture behavioral of entity xil_defaultlib.datapath [datapath_default]
Compiling architecture behavioral of entity xil_defaultlib.memory [memory_default]
Compiling architecture behavioral of entity xil_defaultlib.zero_fill [zero_fill_default]
Compiling architecture behavioral of entity xil_defaultlib.control_memory [control_memory_default]
Compiling architecture behavioral of entity xil_defaultlib.mux8_1bit [mux8_1bit_default]
Compiling architecture behavioral of entity xil_defaultlib.extend [extend_default]
Compiling architecture behavioral of entity xil_defaultlib.pc [pc_default]
Compiling architecture behavioral of entity xil_defaultlib.mux2_8bit [mux2_8bit_default]
Compiling architecture behavioral of entity xil_defaultlib.car [car_default]
Compiling architecture behavioral of entity xil_defaultlib.control [control_default]
Compiling architecture behavioral of entity xil_defaultlib.control_tb
Built simulation snapshot control_tb_behav
